{"C:\\_lomi\\_\\szamlazzhu-client\\src\\client.ts": {"path":"C:\\_lomi\\_\\szamlazzhu-client\\src\\client.ts","statementMap":{"0":{"start":{"line":1,"column":0},"end":{"line":1,"column":41}},"1":{"start":{"line":2,"column":0},"end":{"line":2,"column":54}},"2":{"start":{"line":4,"column":0},"end":{"line":4,"column":36}},"3":{"start":{"line":5,"column":0},"end":{"line":5,"column":53}},"4":{"start":{"line":6,"column":0},"end":{"line":6,"column":33}},"5":{"start":{"line":7,"column":0},"end":{"line":7,"column":38}},"6":{"start":{"line":9,"column":0},"end":{"line":9,"column":13}},"7":{"start":{"line":14,"column":2},"end":{"line":14,"column":14}},"8":{"start":{"line":64,"column":10},"end":{"line":91,"column":4}},"9":{"start":{"line":64,"column":57},"end":{"line":91,"column":4}},"10":{"start":{"line":65,"column":10},"end":{"line":65,"column":32}},"11":{"start":{"line":66,"column":4},"end":{"line":66,"column":47}},"12":{"start":{"line":68,"column":10},"end":{"line":71,"column":7}},"13":{"start":{"line":73,"column":10},"end":{"line":78,"column":7}},"14":{"start":{"line":80,"column":27},"end":{"line":80,"column":null}},"15":{"start":{"line":80,"column":12},"end":{"line":80,"column":null}},"16":{"start":{"line":82,"column":6},"end":{"line":82,"column":38}},"17":{"start":{"line":84,"column":13},"end":{"line":84,"column":55}},"18":{"start":{"line":84,"column":6},"end":{"line":84,"column":55}},"19":{"start":{"line":86,"column":6},"end":{"line":88,"column":null}},"20":{"start":{"line":87,"column":8},"end":{"line":87,"column":16}},"21":{"start":{"line":89,"column":6},"end":{"line":89,"column":56}},"22":{"start":{"line":93,"column":10},"end":{"line":99,"column":4}},"23":{"start":{"line":94,"column":19},"end":{"line":94,"column":53}},"24":{"start":{"line":96,"column":4},"end":{"line":98,"column":null}},"25":{"start":{"line":97,"column":6},"end":{"line":97,"column":79}},"26":{"start":{"line":101,"column":10},"end":{"line":134,"column":4}},"27":{"start":{"line":101,"column":54},"end":{"line":134,"column":4}},"28":{"start":{"line":102,"column":12},"end":{"line":102,"column":44}},"29":{"start":{"line":104,"column":4},"end":{"line":106,"column":null}},"30":{"start":{"line":105,"column":6},"end":{"line":105,"column":49}},"31":{"start":{"line":108,"column":10},"end":{"line":108,"column":47}},"32":{"start":{"line":109,"column":10},"end":{"line":109,"column":56}},"33":{"start":{"line":111,"column":4},"end":{"line":113,"column":null}},"34":{"start":{"line":112,"column":6},"end":{"line":112,"column":58}},"35":{"start":{"line":115,"column":10},"end":{"line":119,"column":6}},"36":{"start":{"line":121,"column":8},"end":{"line":121,"column":12}},"37":{"start":{"line":122,"column":10},"end":{"line":122,"column":14}},"38":{"start":{"line":123,"column":20},"end":{"line":123,"column":null}},"39":{"start":{"line":123,"column":14},"end":{"line":123,"column":null}},"40":{"start":{"line":124,"column":8},"end":{"line":124,"column":48}},"41":{"start":{"line":125,"column":17},"end":{"line":125,"column":21}},"42":{"start":{"line":126,"column":20},"end":{"line":126,"column":null}},"43":{"start":{"line":126,"column":14},"end":{"line":126,"column":null}},"44":{"start":{"line":127,"column":21},"end":{"line":127,"column":null}},"45":{"start":{"line":127,"column":14},"end":{"line":127,"column":null}},"46":{"start":{"line":128,"column":14},"end":{"line":128,"column":48}},"47":{"start":{"line":129,"column":8},"end":{"line":129,"column":48}},"48":{"start":{"line":133,"column":4},"end":{"line":133,"column":18}},"49":{"start":{"line":136,"column":10},"end":{"line":141,"column":4}},"50":{"start":{"line":137,"column":20},"end":{"line":137,"column":76}},"51":{"start":{"line":138,"column":16},"end":{"line":138,"column":80}},"52":{"start":{"line":140,"column":4},"end":{"line":140,"column":15}},"53":{"start":{"line":143,"column":10},"end":{"line":152,"column":7}},"54":{"start":{"line":144,"column":4},"end":{"line":152,"column":7}},"55":{"start":{"line":15,"column":4},"end":{"line":17,"column":null}},"56":{"start":{"line":16,"column":6},"end":{"line":16,"column":62}},"57":{"start":{"line":19,"column":4},"end":{"line":21,"column":null}},"58":{"start":{"line":20,"column":6},"end":{"line":20,"column":89}},"59":{"start":{"line":23,"column":4},"end":{"line":25,"column":null}},"60":{"start":{"line":24,"column":6},"end":{"line":24,"column":63}},"61":{"start":{"line":27,"column":4},"end":{"line":29,"column":null}},"62":{"start":{"line":28,"column":6},"end":{"line":28,"column":63}},"63":{"start":{"line":31,"column":4},"end":{"line":31,"column":54}},"64":{"start":{"line":33,"column":4},"end":{"line":33,"column":37}},"65":{"start":{"line":36,"column":15},"end":{"line":44,"column":null}},"66":{"start":{"line":37,"column":8},"end":{"line":37,"column":45}},"67":{"start":{"line":39,"column":4},"end":{"line":39,"column":94}},"68":{"start":{"line":41,"column":21},"end":{"line":41,"column":null}},"69":{"start":{"line":41,"column":10},"end":{"line":41,"column":null}},"70":{"start":{"line":43,"column":4},"end":{"line":43,"column":20}},"71":{"start":{"line":46,"column":15},"end":{"line":54,"column":null}},"72":{"start":{"line":47,"column":8},"end":{"line":47,"column":52}},"73":{"start":{"line":49,"column":4},"end":{"line":49,"column":100}},"74":{"start":{"line":50,"column":4},"end":{"line":50,"column":30}},"75":{"start":{"line":51,"column":21},"end":{"line":51,"column":null}},"76":{"start":{"line":51,"column":10},"end":{"line":51,"column":null}},"77":{"start":{"line":53,"column":4},"end":{"line":53,"column":20}},"78":{"start":{"line":56,"column":10},"end":{"line":62,"column":null}},"79":{"start":{"line":56,"column":23},"end":{"line":56,"column":42}},"80":{"start":{"line":56,"column":42},"end":{"line":56,"column":null}},"81":{"start":{"line":57,"column":16},"end":{"line":59,"column":115}},"82":{"start":{"line":61,"column":4},"end":{"line":61,"column":15}},"83":{"start":{"line":153,"column":0},"end":{"line":153,"column":null}},"84":{"start":{"line":9,"column":13},"end":{"line":9,"column":32}}},"fnMap":{"0":{"name":"(anonymous_16)","decl":{"start":{"line":9,"column":0},"end":{"line":9,"column":13}},"loc":{"start":{"line":9,"column":0},"end":{"line":153,"column":null}}},"1":{"name":"SzamlazzAgentClient","decl":{"start":{"line":14,"column":2},"end":{"line":14,"column":14}},"loc":{"start":{"line":14,"column":32},"end":{"line":34,"column":3}}},"2":{"name":"(anonymous_18)","decl":{"start":{"line":64,"column":20},"end":{"line":64,"column":27}},"loc":{"start":{"line":64,"column":57},"end":{"line":91,"column":4}}},"3":{"name":"(anonymous_19)","decl":{"start":{"line":64,"column":57},"end":{"line":64,"column":null}},"loc":{"start":{"line":64,"column":57},"end":{"line":91,"column":4}}},"4":{"name":"(anonymous_21)","decl":{"start":{"line":93,"column":25},"end":{"line":93,"column":26}},"loc":{"start":{"line":93,"column":44},"end":{"line":99,"column":3}}},"5":{"name":"(anonymous_22)","decl":{"start":{"line":101,"column":29},"end":{"line":101,"column":36}},"loc":{"start":{"line":101,"column":54},"end":{"line":134,"column":4}}},"6":{"name":"(anonymous_23)","decl":{"start":{"line":101,"column":54},"end":{"line":101,"column":null}},"loc":{"start":{"line":101,"column":54},"end":{"line":134,"column":4}}},"7":{"name":"(anonymous_25)","decl":{"start":{"line":136,"column":24},"end":{"line":136,"column":null}},"loc":{"start":{"line":136,"column":24},"end":{"line":141,"column":3}}},"8":{"name":"(anonymous_26)","decl":{"start":{"line":143,"column":24},"end":{"line":143,"column":25}},"loc":{"start":{"line":143,"column":43},"end":{"line":152,"column":7}}},"9":{"name":"(anonymous_27)","decl":{"start":{"line":36,"column":2},"end":{"line":36,"column":15}},"loc":{"start":{"line":36,"column":44},"end":{"line":44,"column":null}}},"10":{"name":"(anonymous_30)","decl":{"start":{"line":46,"column":2},"end":{"line":46,"column":15}},"loc":{"start":{"line":46,"column":69},"end":{"line":54,"column":null}}},"11":{"name":"(anonymous_33)","decl":{"start":{"line":56,"column":2},"end":{"line":56,"column":10}},"loc":{"start":{"line":56,"column":55},"end":{"line":62,"column":3}}}},"branchMap":{"0":{"loc":{"start":{"line":84,"column":6},"end":{"line":84,"column":55}},"type":"switch","locations":[{"start":{"line":84,"column":6},"end":{"line":84,"column":55}}]},"1":{"loc":{"start":{"line":70,"column":14},"end":{"line":70,"column":90}},"type":"binary-expr","locations":[{"start":{"line":70,"column":14},"end":{"line":70,"column":84}},{"start":{"line":70,"column":88},"end":{"line":70,"column":90}}]},"2":{"loc":{"start":{"line":70,"column":14},"end":{"line":70,"column":84}},"type":"cond-expr","locations":[{"start":{"line":70,"column":28},"end":{"line":70,"column":30}},{"start":{"line":70,"column":28},"end":{"line":70,"column":84}}]},"3":{"loc":{"start":{"line":70,"column":14},"end":{"line":70,"column":30}},"type":"binary-expr","locations":[{"start":{"line":70,"column":14},"end":{"line":70,"column":30}},{"start":{"line":70,"column":28},"end":{"line":70,"column":30}}]},"4":{"loc":{"start":{"line":86,"column":6},"end":{"line":88,"column":null}},"type":"if","locations":[{"start":{"line":86,"column":6},"end":{"line":88,"column":null}}]},"5":{"loc":{"start":{"line":89,"column":22},"end":{"line":89,"column":54}},"type":"cond-expr","locations":[{"start":{"line":89,"column":35},"end":{"line":89,"column":39}},{"start":{"line":89,"column":39},"end":{"line":89,"column":54}}]},"6":{"loc":{"start":{"line":89,"column":22},"end":{"line":89,"column":39}},"type":"binary-expr","locations":[{"start":{"line":89,"column":22},"end":{"line":89,"column":39}},{"start":{"line":89,"column":35},"end":{"line":89,"column":39}}]},"7":{"loc":{"start":{"line":96,"column":4},"end":{"line":98,"column":null}},"type":"if","locations":[{"start":{"line":96,"column":4},"end":{"line":98,"column":null}}]},"8":{"loc":{"start":{"line":97,"column":6},"end":{"line":97,"column":78}},"type":"cond-expr","locations":[{"start":{"line":97,"column":20},"end":{"line":97,"column":22}},{"start":{"line":97,"column":20},"end":{"line":97,"column":78}}]},"9":{"loc":{"start":{"line":97,"column":6},"end":{"line":97,"column":22}},"type":"binary-expr","locations":[{"start":{"line":97,"column":6},"end":{"line":97,"column":22}},{"start":{"line":97,"column":20},"end":{"line":97,"column":22}}]},"10":{"loc":{"start":{"line":133,"column":4},"end":{"line":133,"column":18}},"type":"switch","locations":[{"start":{"line":133,"column":4},"end":{"line":133,"column":18}}]},"11":{"loc":{"start":{"line":104,"column":4},"end":{"line":106,"column":null}},"type":"if","locations":[{"start":{"line":104,"column":4},"end":{"line":106,"column":null}}]},"12":{"loc":{"start":{"line":111,"column":4},"end":{"line":113,"column":null}},"type":"if","locations":[{"start":{"line":111,"column":4},"end":{"line":113,"column":null}}]},"13":{"loc":{"start":{"line":121,"column":8},"end":{"line":121,"column":12}},"type":"if","locations":[{"start":{"line":121,"column":8},"end":{"line":121,"column":12}}]},"14":{"loc":{"start":{"line":121,"column":8},"end":{"line":121,"column":44}},"type":"cond-expr","locations":[{"start":{"line":121,"column":20},"end":{"line":121,"column":22}},{"start":{"line":121,"column":20},"end":{"line":121,"column":44}}]},"15":{"loc":{"start":{"line":121,"column":8},"end":{"line":121,"column":22}},"type":"binary-expr","locations":[{"start":{"line":121,"column":8},"end":{"line":121,"column":22}},{"start":{"line":121,"column":20},"end":{"line":121,"column":22}}]},"16":{"loc":{"start":{"line":122,"column":10},"end":{"line":122,"column":14}},"type":"if","locations":[{"start":{"line":122,"column":10},"end":{"line":122,"column":14}}]},"17":{"loc":{"start":{"line":125,"column":17},"end":{"line":125,"column":21}},"type":"if","locations":[{"start":{"line":125,"column":17},"end":{"line":125,"column":21}}]},"18":{"loc":{"start":{"line":148,"column":30},"end":{"line":148,"column":55}},"type":"cond-expr","locations":[{"start":{"line":148,"column":46},"end":{"line":148,"column":50}},{"start":{"line":148,"column":50},"end":{"line":148,"column":55}}]},"19":{"loc":{"start":{"line":148,"column":30},"end":{"line":148,"column":50}},"type":"binary-expr","locations":[{"start":{"line":148,"column":30},"end":{"line":148,"column":50}},{"start":{"line":148,"column":46},"end":{"line":148,"column":50}}]},"20":{"loc":{"start":{"line":149,"column":37},"end":{"line":149,"column":76}},"type":"cond-expr","locations":[{"start":{"line":149,"column":67},"end":{"line":149,"column":71}},{"start":{"line":149,"column":71},"end":{"line":149,"column":76}}]},"21":{"loc":{"start":{"line":149,"column":37},"end":{"line":149,"column":71}},"type":"binary-expr","locations":[{"start":{"line":149,"column":37},"end":{"line":149,"column":71}},{"start":{"line":149,"column":67},"end":{"line":149,"column":71}}]},"22":{"loc":{"start":{"line":15,"column":4},"end":{"line":17,"column":null}},"type":"if","locations":[{"start":{"line":15,"column":4},"end":{"line":17,"column":null}}]},"23":{"loc":{"start":{"line":15,"column":8},"end":{"line":15,"column":53}},"type":"binary-expr","locations":[{"start":{"line":15,"column":8},"end":{"line":15,"column":16}},{"start":{"line":15,"column":20},"end":{"line":15,"column":53}}]},"24":{"loc":{"start":{"line":19,"column":4},"end":{"line":21,"column":null}},"type":"if","locations":[{"start":{"line":19,"column":4},"end":{"line":21,"column":null}}]},"25":{"loc":{"start":{"line":19,"column":8},"end":{"line":19,"column":64}},"type":"binary-expr","locations":[{"start":{"line":19,"column":8},"end":{"line":19,"column":26}},{"start":{"line":19,"column":30},"end":{"line":19,"column":43}},{"start":{"line":19,"column":47},"end":{"line":19,"column":64}}]},"26":{"loc":{"start":{"line":23,"column":4},"end":{"line":25,"column":null}},"type":"if","locations":[{"start":{"line":23,"column":4},"end":{"line":25,"column":null}}]},"27":{"loc":{"start":{"line":23,"column":8},"end":{"line":23,"column":43}},"type":"binary-expr","locations":[{"start":{"line":23,"column":8},"end":{"line":23,"column":21}},{"start":{"line":23,"column":25},"end":{"line":23,"column":43}}]},"28":{"loc":{"start":{"line":27,"column":4},"end":{"line":29,"column":null}},"type":"if","locations":[{"start":{"line":27,"column":4},"end":{"line":29,"column":null}}]},"29":{"loc":{"start":{"line":27,"column":8},"end":{"line":27,"column":47}},"type":"binary-expr","locations":[{"start":{"line":27,"column":8},"end":{"line":27,"column":25}},{"start":{"line":27,"column":29},"end":{"line":27,"column":47}}]},"30":{"loc":{"start":{"line":56,"column":23},"end":{"line":56,"column":42}},"type":"if","locations":[{"start":{"line":56,"column":23},"end":{"line":56,"column":42}}]},"31":{"loc":{"start":{"line":56,"column":42},"end":{"line":56,"column":null}},"type":"if","locations":[{"start":{"line":56,"column":42},"end":{"line":56,"column":null}}]}},"s":{"0":1,"1":1,"2":1,"3":1,"4":1,"5":1,"6":1,"7":9,"8":9,"9":5,"10":5,"11":5,"12":5,"13":5,"14":5,"15":5,"16":5,"17":5,"18":5,"19":1,"20":1,"21":0,"22":9,"23":5,"24":5,"25":5,"26":9,"27":5,"28":5,"29":5,"30":0,"31":5,"32":5,"33":5,"34":1,"35":4,"36":7,"37":1,"38":1,"39":1,"40":1,"41":0,"42":0,"43":0,"44":0,"45":0,"46":0,"47":0,"48":4,"49":9,"50":5,"51":5,"52":5,"53":9,"54":5,"55":9,"56":1,"57":8,"58":1,"59":7,"60":1,"61":6,"62":1,"63":5,"64":5,"65":1,"66":4,"67":4,"68":4,"69":4,"70":3,"71":1,"72":1,"73":1,"74":1,"75":1,"76":1,"77":1,"78":1,"79":5,"80":5,"81":5,"82":5,"83":1,"84":1},"f":{"0":1,"1":9,"2":5,"3":5,"4":5,"5":5,"6":5,"7":5,"8":5,"9":4,"10":1,"11":5},"b":{"0":[5],"1":[5,5],"2":[0,5],"3":[5,5],"4":[1],"5":[0,0],"6":[0,0],"7":[5],"8":[0,5],"9":[5,5],"10":[4],"11":[0],"12":[1],"13":[3],"14":[0,4],"15":[4,4],"16":[0],"17":[0],"18":[0,5],"19":[5,5],"20":[1,4],"21":[5,5],"22":[1],"23":[9,9],"24":[1],"25":[8,3,2],"26":[1],"27":[7,6],"28":[1],"29":[6,6],"30":[0],"31":[0]}}
,"C:\\_lomi\\_\\szamlazzhu-client\\src\\constants.ts": {"path":"C:\\_lomi\\_\\szamlazzhu-client\\src\\constants.ts","statementMap":{"0":{"start":{"line":6,"column":13},"end":{"line":18,"column":2}},"1":{"start":{"line":20,"column":13},"end":{"line":26,"column":2}},"2":{"start":{"line":28,"column":13},"end":{"line":33,"column":2}},"3":{"start":{"line":35,"column":13},"end":{"line":65,"column":2}}},"fnMap":{},"branchMap":{},"s":{"0":5,"1":5,"2":5,"3":5},"f":{},"b":{}}
,"C:\\_lomi\\_\\szamlazzhu-client\\src\\helpers.ts": {"path":"C:\\_lomi\\_\\szamlazzhu-client\\src\\helpers.ts","statementMap":{"0":{"start":{"line":1,"column":25},"end":{"line":9,"column":1}},"1":{"start":{"line":2,"column":2},"end":{"line":8,"column":9}},"2":{"start":{"line":3,"column":4},"end":{"line":5,"column":null}},"3":{"start":{"line":4,"column":7},"end":{"line":4,"column":35}},"4":{"start":{"line":7,"column":4},"end":{"line":7,"column":15}},"5":{"start":{"line":1,"column":13},"end":{"line":1,"column":25}}},"fnMap":{"0":{"name":"(anonymous_0)","decl":{"start":{"line":1,"column":25},"end":{"line":1,"column":26}},"loc":{"start":{"line":1,"column":34},"end":{"line":9,"column":1}}},"1":{"name":"(anonymous_1)","decl":{"start":{"line":2,"column":33},"end":{"line":2,"column":34}},"loc":{"start":{"line":2,"column":42},"end":{"line":8,"column":3}}}},"branchMap":{"0":{"loc":{"start":{"line":3,"column":4},"end":{"line":5,"column":null}},"type":"if","locations":[{"start":{"line":3,"column":4},"end":{"line":5,"column":null}}]}},"s":{"0":5,"1":35,"2":417,"3":190,"4":417,"5":5},"f":{"0":35,"1":417},"b":{"0":[190]}}
,"C:\\_lomi\\_\\szamlazzhu-client\\src\\enums\\buyer.enum.ts": {"path":"C:\\_lomi\\_\\szamlazzhu-client\\src\\enums\\buyer.enum.ts","statementMap":{"0":{"start":{"line":1,"column":0},"end":{"line":1,"column":null}},"1":{"start":{"line":2,"column":2},"end":{"line":2,"column":null}},"2":{"start":{"line":3,"column":2},"end":{"line":3,"column":null}},"3":{"start":{"line":4,"column":2},"end":{"line":4,"column":null}},"4":{"start":{"line":5,"column":2},"end":{"line":5,"column":null}},"5":{"start":{"line":6,"column":2},"end":{"line":6,"column":null}},"6":{"start":{"line":7,"column":2},"end":{"line":7,"column":null}},"7":{"start":{"line":8,"column":2},"end":{"line":8,"column":null}},"8":{"start":{"line":9,"column":2},"end":{"line":9,"column":null}},"9":{"start":{"line":10,"column":2},"end":{"line":10,"column":null}},"10":{"start":{"line":11,"column":2},"end":{"line":11,"column":null}},"11":{"start":{"line":12,"column":2},"end":{"line":12,"column":null}},"12":{"start":{"line":13,"column":2},"end":{"line":13,"column":null}},"13":{"start":{"line":14,"column":2},"end":{"line":14,"column":null}},"14":{"start":{"line":15,"column":2},"end":{"line":15,"column":null}}},"fnMap":{"0":{"name":"(anonymous_0)","decl":{"start":{"line":1,"column":0},"end":{"line":1,"column":12}},"loc":{"start":{"line":1,"column":21},"end":{"line":16,"column":1}}}},"branchMap":{"0":{"loc":{"start":{"line":1,"column":12},"end":{"line":1,"column":null}},"type":"binary-expr","locations":[{"start":{"line":1,"column":12},"end":{"line":1,"column":21}},{"start":{"line":1,"column":12},"end":{"line":1,"column":null}}]}},"s":{"0":5,"1":5,"2":5,"3":5,"4":5,"5":5,"6":5,"7":5,"8":5,"9":5,"10":5,"11":5,"12":5,"13":5,"14":5},"f":{"0":5},"b":{"0":[5,5]}}
,"C:\\_lomi\\_\\szamlazzhu-client\\src\\enums\\header.enum.ts": {"path":"C:\\_lomi\\_\\szamlazzhu-client\\src\\enums\\header.enum.ts","statementMap":{"0":{"start":{"line":1,"column":0},"end":{"line":1,"column":null}},"1":{"start":{"line":2,"column":2},"end":{"line":2,"column":null}},"2":{"start":{"line":3,"column":2},"end":{"line":3,"column":null}},"3":{"start":{"line":4,"column":2},"end":{"line":4,"column":null}},"4":{"start":{"line":5,"column":2},"end":{"line":5,"column":null}},"5":{"start":{"line":6,"column":2},"end":{"line":6,"column":null}},"6":{"start":{"line":7,"column":2},"end":{"line":7,"column":null}},"7":{"start":{"line":8,"column":2},"end":{"line":8,"column":null}},"8":{"start":{"line":9,"column":2},"end":{"line":9,"column":null}},"9":{"start":{"line":10,"column":2},"end":{"line":10,"column":null}},"10":{"start":{"line":11,"column":2},"end":{"line":11,"column":null}},"11":{"start":{"line":12,"column":2},"end":{"line":12,"column":null}},"12":{"start":{"line":13,"column":2},"end":{"line":13,"column":null}},"13":{"start":{"line":14,"column":2},"end":{"line":14,"column":null}},"14":{"start":{"line":15,"column":2},"end":{"line":15,"column":null}},"15":{"start":{"line":16,"column":2},"end":{"line":16,"column":null}},"16":{"start":{"line":17,"column":2},"end":{"line":17,"column":null}},"17":{"start":{"line":18,"column":2},"end":{"line":18,"column":null}},"18":{"start":{"line":19,"column":2},"end":{"line":19,"column":null}},"19":{"start":{"line":20,"column":2},"end":{"line":20,"column":null}},"20":{"start":{"line":21,"column":2},"end":{"line":21,"column":null}}},"fnMap":{"0":{"name":"(anonymous_0)","decl":{"start":{"line":1,"column":0},"end":{"line":1,"column":12}},"loc":{"start":{"line":1,"column":22},"end":{"line":22,"column":1}}}},"branchMap":{"0":{"loc":{"start":{"line":1,"column":12},"end":{"line":1,"column":null}},"type":"binary-expr","locations":[{"start":{"line":1,"column":12},"end":{"line":1,"column":22}},{"start":{"line":1,"column":12},"end":{"line":1,"column":null}}]}},"s":{"0":5,"1":5,"2":5,"3":5,"4":5,"5":5,"6":5,"7":5,"8":5,"9":5,"10":5,"11":5,"12":5,"13":5,"14":5,"15":5,"16":5,"17":5,"18":5,"19":5,"20":5},"f":{"0":5},"b":{"0":[5,5]}}
,"C:\\_lomi\\_\\szamlazzhu-client\\src\\enums\\index.ts": {"path":"C:\\_lomi\\_\\szamlazzhu-client\\src\\enums\\index.ts","statementMap":{"0":{"start":{"line":1,"column":0},"end":{"line":1,"column":32}},"1":{"start":{"line":3,"column":0},"end":{"line":3,"column":28}},"2":{"start":{"line":5,"column":0},"end":{"line":5,"column":30}},"3":{"start":{"line":7,"column":0},"end":{"line":7,"column":29}},"4":{"start":{"line":9,"column":0},"end":{"line":9,"column":30}},"5":{"start":{"line":11,"column":0},"end":{"line":11,"column":27}},"6":{"start":{"line":13,"column":0},"end":{"line":13,"column":33}}},"fnMap":{},"branchMap":{},"s":{"0":5,"1":5,"2":5,"3":5,"4":5,"5":5,"6":5},"f":{},"b":{}}
,"C:\\_lomi\\_\\szamlazzhu-client\\src\\enums\\item.enum.ts": {"path":"C:\\_lomi\\_\\szamlazzhu-client\\src\\enums\\item.enum.ts","statementMap":{"0":{"start":{"line":1,"column":0},"end":{"line":1,"column":null}},"1":{"start":{"line":2,"column":2},"end":{"line":2,"column":null}},"2":{"start":{"line":3,"column":2},"end":{"line":3,"column":null}},"3":{"start":{"line":4,"column":2},"end":{"line":4,"column":null}},"4":{"start":{"line":5,"column":2},"end":{"line":5,"column":null}},"5":{"start":{"line":6,"column":2},"end":{"line":6,"column":null}},"6":{"start":{"line":7,"column":2},"end":{"line":7,"column":null}},"7":{"start":{"line":8,"column":2},"end":{"line":8,"column":null}},"8":{"start":{"line":9,"column":2},"end":{"line":9,"column":null}},"9":{"start":{"line":10,"column":2},"end":{"line":10,"column":null}},"10":{"start":{"line":11,"column":2},"end":{"line":11,"column":null}}},"fnMap":{"0":{"name":"(anonymous_0)","decl":{"start":{"line":1,"column":0},"end":{"line":1,"column":12}},"loc":{"start":{"line":1,"column":20},"end":{"line":12,"column":1}}}},"branchMap":{"0":{"loc":{"start":{"line":1,"column":12},"end":{"line":1,"column":null}},"type":"binary-expr","locations":[{"start":{"line":1,"column":12},"end":{"line":1,"column":20}},{"start":{"line":1,"column":12},"end":{"line":1,"column":null}}]}},"s":{"0":5,"1":5,"2":5,"3":5,"4":5,"5":5,"6":5,"7":5,"8":5,"9":5,"10":5},"f":{"0":5},"b":{"0":[5,5]}}
,"C:\\_lomi\\_\\szamlazzhu-client\\src\\enums\\seller.enum.ts": {"path":"C:\\_lomi\\_\\szamlazzhu-client\\src\\enums\\seller.enum.ts","statementMap":{"0":{"start":{"line":1,"column":0},"end":{"line":1,"column":null}},"1":{"start":{"line":2,"column":2},"end":{"line":2,"column":null}},"2":{"start":{"line":3,"column":2},"end":{"line":3,"column":null}},"3":{"start":{"line":4,"column":2},"end":{"line":4,"column":null}},"4":{"start":{"line":5,"column":2},"end":{"line":5,"column":null}},"5":{"start":{"line":6,"column":2},"end":{"line":6,"column":null}},"6":{"start":{"line":7,"column":2},"end":{"line":7,"column":null}}},"fnMap":{"0":{"name":"(anonymous_0)","decl":{"start":{"line":1,"column":0},"end":{"line":1,"column":12}},"loc":{"start":{"line":1,"column":22},"end":{"line":8,"column":1}}}},"branchMap":{"0":{"loc":{"start":{"line":1,"column":12},"end":{"line":1,"column":null}},"type":"binary-expr","locations":[{"start":{"line":1,"column":12},"end":{"line":1,"column":22}},{"start":{"line":1,"column":12},"end":{"line":1,"column":null}}]}},"s":{"0":5,"1":5,"2":5,"3":5,"4":5,"5":5,"6":5},"f":{"0":5},"b":{"0":[5,5]}}
,"C:\\_lomi\\_\\szamlazzhu-client\\src\\enums\\settings.enum.ts": {"path":"C:\\_lomi\\_\\szamlazzhu-client\\src\\enums\\settings.enum.ts","statementMap":{"0":{"start":{"line":1,"column":0},"end":{"line":1,"column":null}},"1":{"start":{"line":2,"column":2},"end":{"line":2,"column":null}},"2":{"start":{"line":3,"column":2},"end":{"line":3,"column":null}},"3":{"start":{"line":4,"column":2},"end":{"line":4,"column":null}},"4":{"start":{"line":5,"column":2},"end":{"line":5,"column":null}},"5":{"start":{"line":6,"column":2},"end":{"line":6,"column":null}},"6":{"start":{"line":7,"column":2},"end":{"line":7,"column":null}},"7":{"start":{"line":8,"column":2},"end":{"line":8,"column":null}},"8":{"start":{"line":9,"column":2},"end":{"line":9,"column":null}},"9":{"start":{"line":10,"column":2},"end":{"line":10,"column":null}}},"fnMap":{"0":{"name":"(anonymous_0)","decl":{"start":{"line":1,"column":0},"end":{"line":1,"column":12}},"loc":{"start":{"line":1,"column":24},"end":{"line":11,"column":1}}}},"branchMap":{"0":{"loc":{"start":{"line":1,"column":12},"end":{"line":1,"column":null}},"type":"binary-expr","locations":[{"start":{"line":1,"column":12},"end":{"line":1,"column":24}},{"start":{"line":1,"column":12},"end":{"line":1,"column":null}}]}},"s":{"0":5,"1":5,"2":5,"3":5,"4":5,"5":5,"6":5,"7":5,"8":5,"9":5},"f":{"0":5},"b":{"0":[5,5]}}
,"C:\\_lomi\\_\\szamlazzhu-client\\src\\enums\\vat.enum.ts": {"path":"C:\\_lomi\\_\\szamlazzhu-client\\src\\enums\\vat.enum.ts","statementMap":{"0":{"start":{"line":1,"column":0},"end":{"line":1,"column":null}},"1":{"start":{"line":2,"column":2},"end":{"line":2,"column":null}},"2":{"start":{"line":3,"column":2},"end":{"line":3,"column":null}},"3":{"start":{"line":4,"column":2},"end":{"line":4,"column":null}},"4":{"start":{"line":5,"column":2},"end":{"line":5,"column":null}},"5":{"start":{"line":6,"column":2},"end":{"line":6,"column":null}},"6":{"start":{"line":7,"column":2},"end":{"line":7,"column":null}},"7":{"start":{"line":8,"column":2},"end":{"line":8,"column":null}},"8":{"start":{"line":9,"column":2},"end":{"line":9,"column":null}},"9":{"start":{"line":10,"column":2},"end":{"line":10,"column":null}},"10":{"start":{"line":11,"column":2},"end":{"line":11,"column":null}},"11":{"start":{"line":12,"column":2},"end":{"line":12,"column":null}},"12":{"start":{"line":13,"column":2},"end":{"line":13,"column":null}},"13":{"start":{"line":14,"column":2},"end":{"line":14,"column":null}},"14":{"start":{"line":15,"column":2},"end":{"line":15,"column":null}},"15":{"start":{"line":16,"column":2},"end":{"line":16,"column":null}},"16":{"start":{"line":17,"column":2},"end":{"line":17,"column":null}},"17":{"start":{"line":18,"column":2},"end":{"line":18,"column":null}},"18":{"start":{"line":19,"column":2},"end":{"line":19,"column":null}},"19":{"start":{"line":20,"column":2},"end":{"line":20,"column":null}}},"fnMap":{"0":{"name":"(anonymous_0)","decl":{"start":{"line":1,"column":0},"end":{"line":1,"column":12}},"loc":{"start":{"line":1,"column":19},"end":{"line":21,"column":1}}}},"branchMap":{"0":{"loc":{"start":{"line":1,"column":12},"end":{"line":1,"column":null}},"type":"binary-expr","locations":[{"start":{"line":1,"column":12},"end":{"line":1,"column":19}},{"start":{"line":1,"column":12},"end":{"line":1,"column":null}}]}},"s":{"0":5,"1":5,"2":5,"3":5,"4":5,"5":5,"6":5,"7":5,"8":5,"9":5,"10":5,"11":5,"12":5,"13":5,"14":5,"15":5,"16":5,"17":5,"18":5,"19":5},"f":{"0":5},"b":{"0":[5,5]}}
,"C:\\_lomi\\_\\szamlazzhu-client\\src\\enums\\xml-roots.enum.ts": {"path":"C:\\_lomi\\_\\szamlazzhu-client\\src\\enums\\xml-roots.enum.ts","statementMap":{"0":{"start":{"line":1,"column":0},"end":{"line":1,"column":null}},"1":{"start":{"line":2,"column":2},"end":{"line":2,"column":null}},"2":{"start":{"line":3,"column":2},"end":{"line":3,"column":null}},"3":{"start":{"line":4,"column":2},"end":{"line":4,"column":null}},"4":{"start":{"line":5,"column":2},"end":{"line":5,"column":null}},"5":{"start":{"line":6,"column":2},"end":{"line":6,"column":null}},"6":{"start":{"line":7,"column":2},"end":{"line":7,"column":null}}},"fnMap":{"0":{"name":"(anonymous_0)","decl":{"start":{"line":1,"column":0},"end":{"line":1,"column":12}},"loc":{"start":{"line":1,"column":20},"end":{"line":8,"column":1}}}},"branchMap":{"0":{"loc":{"start":{"line":1,"column":12},"end":{"line":1,"column":null}},"type":"binary-expr","locations":[{"start":{"line":1,"column":12},"end":{"line":1,"column":20}},{"start":{"line":1,"column":12},"end":{"line":1,"column":null}}]}},"s":{"0":5,"1":5,"2":5,"3":5,"4":5,"5":5,"6":5},"f":{"0":5},"b":{"0":[5,5]}}
,"C:\\_lomi\\_\\szamlazzhu-client\\src\\modules\\buyer.ts": {"path":"C:\\_lomi\\_\\szamlazzhu-client\\src\\modules\\buyer.ts","statementMap":{"0":{"start":{"line":1,"column":0},"end":{"line":1,"column":50}},"1":{"start":{"line":3,"column":0},"end":{"line":3,"column":33}},"2":{"start":{"line":4,"column":0},"end":{"line":4,"column":39}},"3":{"start":{"line":6,"column":0},"end":{"line":6,"column":13}},"4":{"start":{"line":13,"column":4},"end":{"line":13,"column":43}},"5":{"start":{"line":16,"column":2},"end":{"line":18,"column":null}},"6":{"start":{"line":17,"column":4},"end":{"line":17,"column":21}},"7":{"start":{"line":20,"column":2},"end":{"line":22,"column":null}},"8":{"start":{"line":21,"column":4},"end":{"line":21,"column":26}},"9":{"start":{"line":23,"column":0},"end":{"line":23,"column":null}},"10":{"start":{"line":6,"column":13},"end":{"line":6,"column":18}},"11":{"start":{"line":25,"column":17},"end":{"line":47,"column":1}},"12":{"start":{"line":26,"column":2},"end":{"line":28,"column":null}},"13":{"start":{"line":27,"column":4},"end":{"line":27,"column":63}},"14":{"start":{"line":30,"column":2},"end":{"line":32,"column":null}},"15":{"start":{"line":31,"column":4},"end":{"line":31,"column":62}},"16":{"start":{"line":34,"column":2},"end":{"line":36,"column":null}},"17":{"start":{"line":35,"column":4},"end":{"line":35,"column":63}},"18":{"start":{"line":38,"column":2},"end":{"line":40,"column":null}},"19":{"start":{"line":39,"column":4},"end":{"line":39,"column":66}},"20":{"start":{"line":42,"column":2},"end":{"line":44,"column":null}},"21":{"start":{"line":43,"column":4},"end":{"line":43,"column":64}},"22":{"start":{"line":46,"column":2},"end":{"line":46,"column":17}},"23":{"start":{"line":49,"column":17},"end":{"line":53,"column":1}},"24":{"start":{"line":50,"column":18},"end":{"line":50,"column":67}},"25":{"start":{"line":52,"column":2},"end":{"line":52,"column":43}},"26":{"start":{"line":55,"column":12},"end":{"line":56,"column":11}},"27":{"start":{"line":56,"column":2},"end":{"line":71,"column":5}}},"fnMap":{"0":{"name":"(anonymous_0)","decl":{"start":{"line":6,"column":0},"end":{"line":6,"column":13}},"loc":{"start":{"line":6,"column":0},"end":{"line":23,"column":null}}},"1":{"name":"Buyer","decl":{"start":{"line":12,"column":2},"end":{"line":12,"column":14}},"loc":{"start":{"line":12,"column":29},"end":{"line":14,"column":3}}},"2":{"name":"(anonymous_2)","decl":{"start":{"line":16,"column":2},"end":{"line":16,"column":6}},"loc":{"start":{"line":16,"column":2},"end":{"line":18,"column":3}}},"3":{"name":"(anonymous_3)","decl":{"start":{"line":20,"column":2},"end":{"line":20,"column":6}},"loc":{"start":{"line":20,"column":2},"end":{"line":22,"column":3}}},"4":{"name":"(anonymous_4)","decl":{"start":{"line":25,"column":17},"end":{"line":25,"column":18}},"loc":{"start":{"line":25,"column":33},"end":{"line":47,"column":1}}},"5":{"name":"(anonymous_5)","decl":{"start":{"line":49,"column":17},"end":{"line":49,"column":18}},"loc":{"start":{"line":49,"column":33},"end":{"line":53,"column":1}}},"6":{"name":"(anonymous_6)","decl":{"start":{"line":55,"column":12},"end":{"line":55,"column":13}},"loc":{"start":{"line":55,"column":28},"end":{"line":56,"column":11}}}},"branchMap":{"0":{"loc":{"start":{"line":26,"column":2},"end":{"line":28,"column":null}},"type":"if","locations":[{"start":{"line":26,"column":2},"end":{"line":28,"column":null}}]},"1":{"loc":{"start":{"line":30,"column":2},"end":{"line":32,"column":null}},"type":"if","locations":[{"start":{"line":30,"column":2},"end":{"line":32,"column":null}}]},"2":{"loc":{"start":{"line":34,"column":2},"end":{"line":36,"column":null}},"type":"if","locations":[{"start":{"line":34,"column":2},"end":{"line":36,"column":null}}]},"3":{"loc":{"start":{"line":38,"column":2},"end":{"line":40,"column":null}},"type":"if","locations":[{"start":{"line":38,"column":2},"end":{"line":40,"column":null}}]},"4":{"loc":{"start":{"line":42,"column":2},"end":{"line":44,"column":null}},"type":"if","locations":[{"start":{"line":42,"column":2},"end":{"line":44,"column":null}}]},"5":{"loc":{"start":{"line":42,"column":6},"end":{"line":42,"column":41}},"type":"binary-expr","locations":[{"start":{"line":42,"column":6},"end":{"line":42,"column":23}},{"start":{"line":42,"column":27},"end":{"line":42,"column":41}}]}},"s":{"0":4,"1":4,"2":4,"3":4,"4":15,"5":4,"6":1,"7":4,"8":7,"9":4,"10":4,"11":4,"12":15,"13":2,"14":13,"15":1,"16":12,"17":1,"18":11,"19":1,"20":10,"21":1,"22":9,"23":4,"24":7,"25":7,"26":4,"27":8},"f":{"0":4,"1":15,"2":1,"3":7,"4":15,"5":7,"6":8},"b":{"0":[2],"1":[1],"2":[1],"3":[1],"4":[1],"5":[10,2]}}
,"C:\\_lomi\\_\\szamlazzhu-client\\src\\modules\\header.ts": {"path":"C:\\_lomi\\_\\szamlazzhu-client\\src\\modules\\header.ts","statementMap":{"0":{"start":{"line":1,"column":0},"end":{"line":1,"column":53}},"1":{"start":{"line":3,"column":0},"end":{"line":3,"column":69}},"2":{"start":{"line":4,"column":0},"end":{"line":4,"column":33}},"3":{"start":{"line":5,"column":0},"end":{"line":5,"column":39}},"4":{"start":{"line":7,"column":0},"end":{"line":7,"column":13}},"5":{"start":{"line":15,"column":4},"end":{"line":15,"column":43}},"6":{"start":{"line":18,"column":2},"end":{"line":20,"column":null}},"7":{"start":{"line":19,"column":4},"end":{"line":19,"column":21}},"8":{"start":{"line":22,"column":2},"end":{"line":24,"column":null}},"9":{"start":{"line":23,"column":4},"end":{"line":23,"column":26}},"10":{"start":{"line":25,"column":0},"end":{"line":25,"column":null}},"11":{"start":{"line":7,"column":13},"end":{"line":7,"column":19}},"12":{"start":{"line":27,"column":17},"end":{"line":83,"column":1}},"13":{"start":{"line":28,"column":2},"end":{"line":30,"column":null}},"14":{"start":{"line":29,"column":4},"end":{"line":29,"column":19}},"15":{"start":{"line":32,"column":2},"end":{"line":34,"column":null}},"16":{"start":{"line":33,"column":4},"end":{"line":33,"column":74}},"17":{"start":{"line":36,"column":2},"end":{"line":38,"column":null}},"18":{"start":{"line":37,"column":4},"end":{"line":37,"column":74}},"19":{"start":{"line":40,"column":2},"end":{"line":42,"column":null}},"20":{"start":{"line":41,"column":4},"end":{"line":41,"column":73}},"21":{"start":{"line":44,"column":2},"end":{"line":50,"column":null}},"22":{"start":{"line":44,"column":45},"end":{"line":44,"column":90}},"23":{"start":{"line":45,"column":4},"end":{"line":49,"column":6}},"24":{"start":{"line":47,"column":27},"end":{"line":47,"column":null}},"25":{"start":{"line":52,"column":2},"end":{"line":54,"column":null}},"26":{"start":{"line":53,"column":4},"end":{"line":53,"column":68}},"27":{"start":{"line":56,"column":2},"end":{"line":62,"column":null}},"28":{"start":{"line":56,"column":37},"end":{"line":56,"column":72}},"29":{"start":{"line":57,"column":4},"end":{"line":61,"column":6}},"30":{"start":{"line":58,"column":96},"end":{"line":58,"column":110}},"31":{"start":{"line":64,"column":2},"end":{"line":66,"column":null}},"32":{"start":{"line":65,"column":4},"end":{"line":65,"column":68}},"33":{"start":{"line":68,"column":2},"end":{"line":74,"column":null}},"34":{"start":{"line":68,"column":36},"end":{"line":68,"column":71}},"35":{"start":{"line":69,"column":4},"end":{"line":73,"column":6}},"36":{"start":{"line":70,"column":95},"end":{"line":70,"column":109}},"37":{"start":{"line":76,"column":2},"end":{"line":76,"column":67}},"38":{"start":{"line":77,"column":2},"end":{"line":77,"column":67}},"39":{"start":{"line":79,"column":2},"end":{"line":79,"column":55}},"40":{"start":{"line":80,"column":2},"end":{"line":80,"column":47}},"41":{"start":{"line":82,"column":2},"end":{"line":82,"column":17}},"42":{"start":{"line":85,"column":24},"end":{"line":101,"column":1}},"43":{"start":{"line":86,"column":2},"end":{"line":88,"column":null}},"44":{"start":{"line":87,"column":4},"end":{"line":87,"column":16}},"45":{"start":{"line":90,"column":16},"end":{"line":90,"column":30}},"46":{"start":{"line":92,"column":2},"end":{"line":94,"column":null}},"47":{"start":{"line":93,"column":4},"end":{"line":93,"column":77}},"48":{"start":{"line":96,"column":15},"end":{"line":96,"column":34}},"49":{"start":{"line":97,"column":16},"end":{"line":97,"column":36}},"50":{"start":{"line":98,"column":14},"end":{"line":98,"column":29}},"51":{"start":{"line":100,"column":2},"end":{"line":100,"column":35}},"52":{"start":{"line":103,"column":17},"end":{"line":107,"column":1}},"53":{"start":{"line":104,"column":18},"end":{"line":104,"column":69}},"54":{"start":{"line":106,"column":2},"end":{"line":106,"column":43}},"55":{"start":{"line":109,"column":12},"end":{"line":110,"column":11}},"56":{"start":{"line":110,"column":2},"end":{"line":131,"column":5}}},"fnMap":{"0":{"name":"(anonymous_0)","decl":{"start":{"line":7,"column":0},"end":{"line":7,"column":13}},"loc":{"start":{"line":7,"column":0},"end":{"line":25,"column":null}}},"1":{"name":"Header","decl":{"start":{"line":14,"column":2},"end":{"line":14,"column":14}},"loc":{"start":{"line":14,"column":30},"end":{"line":16,"column":3}}},"2":{"name":"(anonymous_2)","decl":{"start":{"line":18,"column":2},"end":{"line":18,"column":13}},"loc":{"start":{"line":18,"column":2},"end":{"line":20,"column":3}}},"3":{"name":"(anonymous_3)","decl":{"start":{"line":22,"column":2},"end":{"line":22,"column":13}},"loc":{"start":{"line":22,"column":2},"end":{"line":24,"column":3}}},"4":{"name":"(anonymous_4)","decl":{"start":{"line":27,"column":17},"end":{"line":27,"column":18}},"loc":{"start":{"line":27,"column":34},"end":{"line":83,"column":1}}},"5":{"name":"(anonymous_5)","decl":{"start":{"line":44,"column":26},"end":{"line":44,"column":27}},"loc":{"start":{"line":44,"column":40},"end":{"line":44,"column":58}}},"6":{"name":"(anonymous_6)","decl":{"start":{"line":47,"column":8},"end":{"line":47,"column":9}},"loc":{"start":{"line":47,"column":22},"end":{"line":47,"column":40}}},"7":{"name":"(anonymous_7)","decl":{"start":{"line":56,"column":23},"end":{"line":56,"column":24}},"loc":{"start":{"line":56,"column":32},"end":{"line":56,"column":45}}},"8":{"name":"(anonymous_8)","decl":{"start":{"line":58,"column":82},"end":{"line":58,"column":83}},"loc":{"start":{"line":58,"column":91},"end":{"line":58,"column":104}}},"9":{"name":"(anonymous_9)","decl":{"start":{"line":68,"column":22},"end":{"line":68,"column":23}},"loc":{"start":{"line":68,"column":31},"end":{"line":68,"column":44}}},"10":{"name":"(anonymous_10)","decl":{"start":{"line":70,"column":81},"end":{"line":70,"column":82}},"loc":{"start":{"line":70,"column":90},"end":{"line":70,"column":103}}},"11":{"name":"(anonymous_11)","decl":{"start":{"line":85,"column":24},"end":{"line":85,"column":25}},"loc":{"start":{"line":85,"column":37},"end":{"line":101,"column":1}}},"12":{"name":"(anonymous_12)","decl":{"start":{"line":103,"column":17},"end":{"line":103,"column":18}},"loc":{"start":{"line":103,"column":34},"end":{"line":107,"column":1}}},"13":{"name":"(anonymous_13)","decl":{"start":{"line":109,"column":12},"end":{"line":109,"column":13}},"loc":{"start":{"line":109,"column":29},"end":{"line":110,"column":11}}}},"branchMap":{"0":{"loc":{"start":{"line":28,"column":2},"end":{"line":30,"column":null}},"type":"if","locations":[{"start":{"line":28,"column":2},"end":{"line":30,"column":null}}]},"1":{"loc":{"start":{"line":32,"column":2},"end":{"line":34,"column":null}},"type":"if","locations":[{"start":{"line":32,"column":2},"end":{"line":34,"column":null}}]},"2":{"loc":{"start":{"line":36,"column":2},"end":{"line":38,"column":null}},"type":"if","locations":[{"start":{"line":36,"column":2},"end":{"line":38,"column":null}}]},"3":{"loc":{"start":{"line":40,"column":2},"end":{"line":42,"column":null}},"type":"if","locations":[{"start":{"line":40,"column":2},"end":{"line":42,"column":null}}]},"4":{"loc":{"start":{"line":44,"column":2},"end":{"line":50,"column":null}},"type":"if","locations":[{"start":{"line":44,"column":2},"end":{"line":50,"column":null}}]},"5":{"loc":{"start":{"line":52,"column":2},"end":{"line":54,"column":null}},"type":"if","locations":[{"start":{"line":52,"column":2},"end":{"line":54,"column":null}}]},"6":{"loc":{"start":{"line":56,"column":2},"end":{"line":62,"column":null}},"type":"if","locations":[{"start":{"line":56,"column":2},"end":{"line":62,"column":null}}]},"7":{"loc":{"start":{"line":64,"column":2},"end":{"line":66,"column":null}},"type":"if","locations":[{"start":{"line":64,"column":2},"end":{"line":66,"column":null}}]},"8":{"loc":{"start":{"line":68,"column":2},"end":{"line":74,"column":null}},"type":"if","locations":[{"start":{"line":68,"column":2},"end":{"line":74,"column":null}}]},"9":{"loc":{"start":{"line":79,"column":25},"end":{"line":79,"column":54}},"type":"cond-expr","locations":[{"start":{"line":79,"column":45},"end":{"line":79,"column":49}},{"start":{"line":79,"column":49},"end":{"line":79,"column":54}}]},"10":{"loc":{"start":{"line":79,"column":25},"end":{"line":79,"column":49}},"type":"binary-expr","locations":[{"start":{"line":79,"column":25},"end":{"line":79,"column":49}},{"start":{"line":79,"column":45},"end":{"line":79,"column":49}}]},"11":{"loc":{"start":{"line":80,"column":21},"end":{"line":80,"column":46}},"type":"cond-expr","locations":[{"start":{"line":80,"column":37},"end":{"line":80,"column":41}},{"start":{"line":80,"column":41},"end":{"line":80,"column":46}}]},"12":{"loc":{"start":{"line":80,"column":21},"end":{"line":80,"column":41}},"type":"binary-expr","locations":[{"start":{"line":80,"column":21},"end":{"line":80,"column":41}},{"start":{"line":80,"column":37},"end":{"line":80,"column":41}}]},"13":{"loc":{"start":{"line":86,"column":2},"end":{"line":88,"column":null}},"type":"if","locations":[{"start":{"line":86,"column":2},"end":{"line":88,"column":null}}]},"14":{"loc":{"start":{"line":92,"column":2},"end":{"line":94,"column":null}},"type":"if","locations":[{"start":{"line":92,"column":2},"end":{"line":94,"column":null}}]}},"s":{"0":5,"1":5,"2":5,"3":5,"4":5,"5":20,"6":5,"7":2,"8":5,"9":6,"10":5,"11":5,"12":5,"13":20,"14":2,"15":18,"16":1,"17":17,"18":1,"19":16,"20":1,"21":15,"22":40,"23":1,"24":4,"25":14,"26":1,"27":13,"28":53,"29":1,"30":29,"31":12,"32":1,"33":11,"34":37,"35":1,"36":11,"37":10,"38":9,"39":7,"40":7,"41":7,"42":5,"43":19,"44":16,"45":3,"46":3,"47":3,"48":0,"49":0,"50":0,"51":0,"52":5,"53":6,"54":6,"55":5,"56":8},"f":{"0":5,"1":20,"2":2,"3":6,"4":20,"5":40,"6":4,"7":53,"8":29,"9":37,"10":11,"11":19,"12":6,"13":8},"b":{"0":[2],"1":[1],"2":[1],"3":[1],"4":[1],"5":[1],"6":[1],"7":[1],"8":[1],"9":[0,7],"10":[7,7],"11":[0,7],"12":[7,7],"13":[16],"14":[3]}}
,"C:\\_lomi\\_\\szamlazzhu-client\\src\\modules\\index.ts": {"path":"C:\\_lomi\\_\\szamlazzhu-client\\src\\modules\\index.ts","statementMap":{"0":{"start":{"line":1,"column":0},"end":{"line":1,"column":23}},"1":{"start":{"line":3,"column":0},"end":{"line":3,"column":24}},"2":{"start":{"line":5,"column":0},"end":{"line":5,"column":25}},"3":{"start":{"line":7,"column":0},"end":{"line":7,"column":25}},"4":{"start":{"line":9,"column":0},"end":{"line":9,"column":26}}},"fnMap":{},"branchMap":{},"s":{"0":4,"1":4,"2":4,"3":4,"4":4},"f":{},"b":{}}
,"C:\\_lomi\\_\\szamlazzhu-client\\src\\modules\\invoice.ts": {"path":"C:\\_lomi\\_\\szamlazzhu-client\\src\\modules\\invoice.ts","statementMap":{"0":{"start":{"line":1,"column":0},"end":{"line":1,"column":33}},"1":{"start":{"line":2,"column":0},"end":{"line":2,"column":42}},"2":{"start":{"line":4,"column":0},"end":{"line":4,"column":32}},"3":{"start":{"line":5,"column":0},"end":{"line":5,"column":34}},"4":{"start":{"line":6,"column":0},"end":{"line":6,"column":30}},"5":{"start":{"line":7,"column":0},"end":{"line":7,"column":34}},"6":{"start":{"line":9,"column":0},"end":{"line":9,"column":13}},"7":{"start":{"line":10,"column":16},"end":{"line":27,"column":null}},"8":{"start":{"line":11,"column":30},"end":{"line":11,"column":38}},"9":{"start":{"line":13,"column":6},"end":{"line":15,"column":23}},"10":{"start":{"line":14,"column":8},"end":{"line":14,"column":49}},"11":{"start":{"line":17,"column":19},"end":{"line":17,"column":64}},"12":{"start":{"line":17,"column":39},"end":{"line":17,"column":64}},"13":{"start":{"line":18,"column":21},"end":{"line":18,"column":46}},"14":{"start":{"line":20,"column":16},"end":{"line":24,"column":14}},"15":{"start":{"line":26,"column":4},"end":{"line":26,"column":15}},"16":{"start":{"line":29,"column":16},"end":{"line":36,"column":null}},"17":{"start":{"line":30,"column":38},"end":{"line":30,"column":46}},"18":{"start":{"line":31,"column":16},"end":{"line":33,"column":45}},"19":{"start":{"line":35,"column":4},"end":{"line":35,"column":15}},"20":{"start":{"line":38,"column":17},"end":{"line":47,"column":4}},"21":{"start":{"line":39,"column":20},"end":{"line":39,"column":72}},"22":{"start":{"line":40,"column":16},"end":{"line":43,"column":null}},"23":{"start":{"line":41,"column":26},"end":{"line":43,"column":9}},"24":{"start":{"line":46,"column":4},"end":{"line":46,"column":15}},"25":{"start":{"line":48,"column":0},"end":{"line":48,"column":null}},"26":{"start":{"line":9,"column":13},"end":{"line":9,"column":20}}},"fnMap":{"0":{"name":"(anonymous_0)","decl":{"start":{"line":9,"column":0},"end":{"line":9,"column":13}},"loc":{"start":{"line":9,"column":0},"end":{"line":9,"column":13}}},"1":{"name":"(anonymous_2)","decl":{"start":{"line":10,"column":2},"end":{"line":10,"column":16}},"loc":{"start":{"line":10,"column":47},"end":{"line":27,"column":3}}},"2":{"name":"(anonymous_3)","decl":{"start":{"line":13,"column":22},"end":{"line":13,"column":23}},"loc":{"start":{"line":13,"column":31},"end":{"line":15,"column":7}}},"3":{"name":"(anonymous_4)","decl":{"start":{"line":17,"column":29},"end":{"line":17,"column":30}},"loc":{"start":{"line":17,"column":34},"end":{"line":17,"column":43}}},"4":{"name":"(anonymous_5)","decl":{"start":{"line":29,"column":2},"end":{"line":29,"column":16}},"loc":{"start":{"line":29,"column":76},"end":{"line":36,"column":3}}},"5":{"name":"(anonymous_6)","decl":{"start":{"line":38,"column":32},"end":{"line":38,"column":33}},"loc":{"start":{"line":38,"column":46},"end":{"line":47,"column":3}}},"6":{"name":"(anonymous_7)","decl":{"start":{"line":41,"column":16},"end":{"line":41,"column":17}},"loc":{"start":{"line":41,"column":21},"end":{"line":41,"column":27}}}},"branchMap":{"0":{"loc":{"start":{"line":13,"column":6},"end":{"line":15,"column":23}},"type":"cond-expr","locations":[{"start":{"line":15,"column":18},"end":{"line":15,"column":22}},{"start":{"line":15,"column":22},"end":{"line":15,"column":23}}]},"1":{"loc":{"start":{"line":13,"column":6},"end":{"line":15,"column":22}},"type":"binary-expr","locations":[{"start":{"line":13,"column":6},"end":{"line":15,"column":22}},{"start":{"line":15,"column":18},"end":{"line":15,"column":22}}]},"2":{"loc":{"start":{"line":13,"column":6},"end":{"line":15,"column":18}},"type":"cond-expr","locations":[{"start":{"line":15,"column":8},"end":{"line":15,"column":10}},{"start":{"line":15,"column":8},"end":{"line":15,"column":18}}]},"3":{"loc":{"start":{"line":13,"column":6},"end":{"line":15,"column":10}},"type":"binary-expr","locations":[{"start":{"line":13,"column":6},"end":{"line":15,"column":10}},{"start":{"line":15,"column":8},"end":{"line":15,"column":10}}]},"4":{"loc":{"start":{"line":21,"column":15},"end":{"line":21,"column":30}},"type":"cond-expr","locations":[{"start":{"line":21,"column":22},"end":{"line":21,"column":24}},{"start":{"line":21,"column":15},"end":{"line":21,"column":30}}]},"5":{"loc":{"start":{"line":21,"column":15},"end":{"line":21,"column":24}},"type":"binary-expr","locations":[{"start":{"line":21,"column":15},"end":{"line":21,"column":24}},{"start":{"line":21,"column":15},"end":{"line":21,"column":24}}]},"6":{"loc":{"start":{"line":22,"column":15},"end":{"line":22,"column":30}},"type":"cond-expr","locations":[{"start":{"line":22,"column":22},"end":{"line":22,"column":24}},{"start":{"line":22,"column":15},"end":{"line":22,"column":30}}]},"7":{"loc":{"start":{"line":22,"column":15},"end":{"line":22,"column":24}},"type":"binary-expr","locations":[{"start":{"line":22,"column":15},"end":{"line":22,"column":24}},{"start":{"line":22,"column":15},"end":{"line":22,"column":24}}]},"8":{"loc":{"start":{"line":23,"column":14},"end":{"line":23,"column":28}},"type":"cond-expr","locations":[{"start":{"line":23,"column":21},"end":{"line":23,"column":23}},{"start":{"line":23,"column":14},"end":{"line":23,"column":28}}]},"9":{"loc":{"start":{"line":23,"column":14},"end":{"line":23,"column":23}},"type":"binary-expr","locations":[{"start":{"line":23,"column":14},"end":{"line":23,"column":23}},{"start":{"line":23,"column":14},"end":{"line":23,"column":23}}]},"10":{"loc":{"start":{"line":33,"column":4},"end":{"line":33,"column":43}},"type":"cond-expr","locations":[{"start":{"line":33,"column":13},"end":{"line":33,"column":38}},{"start":{"line":33,"column":41},"end":{"line":33,"column":43}}]}},"s":{"0":4,"1":4,"2":4,"3":4,"4":4,"5":4,"6":4,"7":4,"8":8,"9":4,"10":8,"11":4,"12":4,"13":4,"14":4,"15":4,"16":4,"17":2,"18":1,"19":1,"20":4,"21":4,"22":4,"23":4,"24":4,"25":4,"26":4},"f":{"0":4,"1":4,"2":8,"3":4,"4":1,"5":4,"6":4},"b":{"0":[4,0],"1":[4,4],"2":[0,4],"3":[4,4],"4":[0,4],"5":[4,4],"6":[0,4],"7":[4,4],"8":[0,4],"9":[4,4],"10":[0,1]}}
,"C:\\_lomi\\_\\szamlazzhu-client\\src\\modules\\item.ts": {"path":"C:\\_lomi\\_\\szamlazzhu-client\\src\\modules\\item.ts","statementMap":{"0":{"start":{"line":1,"column":0},"end":{"line":1,"column":33}},"1":{"start":{"line":2,"column":0},"end":{"line":2,"column":68}},"2":{"start":{"line":3,"column":0},"end":{"line":3,"column":39}},"3":{"start":{"line":6,"column":0},"end":{"line":6,"column":13}},"4":{"start":{"line":14,"column":27},"end":{"line":14,"column":null}},"5":{"start":{"line":26,"column":10},"end":{"line":48,"column":4}},"6":{"start":{"line":27,"column":4},"end":{"line":29,"column":null}},"7":{"start":{"line":28,"column":6},"end":{"line":28,"column":51}},"8":{"start":{"line":31,"column":4},"end":{"line":33,"column":null}},"9":{"start":{"line":32,"column":6},"end":{"line":32,"column":55}},"10":{"start":{"line":35,"column":4},"end":{"line":37,"column":null}},"11":{"start":{"line":36,"column":6},"end":{"line":36,"column":54}},"12":{"start":{"line":39,"column":4},"end":{"line":41,"column":null}},"13":{"start":{"line":40,"column":6},"end":{"line":40,"column":51}},"14":{"start":{"line":43,"column":4},"end":{"line":45,"column":null}},"15":{"start":{"line":44,"column":6},"end":{"line":44,"column":59}},"16":{"start":{"line":47,"column":4},"end":{"line":47,"column":46}},"17":{"start":{"line":15,"column":4},"end":{"line":15,"column":55}},"18":{"start":{"line":18,"column":2},"end":{"line":20,"column":null}},"19":{"start":{"line":19,"column":4},"end":{"line":19,"column":21}},"20":{"start":{"line":22,"column":2},"end":{"line":24,"column":null}},"21":{"start":{"line":23,"column":4},"end":{"line":23,"column":26}},"22":{"start":{"line":49,"column":0},"end":{"line":49,"column":null}},"23":{"start":{"line":6,"column":13},"end":{"line":6,"column":17}},"24":{"start":{"line":51,"column":17},"end":{"line":55,"column":1}},"25":{"start":{"line":52,"column":18},"end":{"line":52,"column":68}},"26":{"start":{"line":54,"column":2},"end":{"line":54,"column":40}},"27":{"start":{"line":57,"column":27},"end":{"line":98,"column":1}},"28":{"start":{"line":58,"column":46},"end":{"line":58,"column":51}},"29":{"start":{"line":59,"column":23},"end":{"line":59,"column":49}},"30":{"start":{"line":61,"column":20},"end":{"line":61,"column":66}},"31":{"start":{"line":63,"column":2},"end":{"line":95,"column":null}},"32":{"start":{"line":64,"column":16},"end":{"line":64,"column":30}},"33":{"start":{"line":65,"column":22},"end":{"line":65,"column":54}},"34":{"start":{"line":66,"column":24},"end":{"line":66,"column":62}},"35":{"start":{"line":68,"column":4},"end":{"line":72,"column":null}},"36":{"start":{"line":74,"column":9},"end":{"line":95,"column":null}},"37":{"start":{"line":75,"column":4},"end":{"line":94,"column":null}},"38":{"start":{"line":88,"column":6},"end":{"line":92,"column":null}},"39":{"start":{"line":97,"column":2},"end":{"line":97,"column":84}},"40":{"start":{"line":100,"column":14},"end":{"line":102,"column":1}},"41":{"start":{"line":101,"column":2},"end":{"line":101,"column":78}},"42":{"start":{"line":104,"column":31},"end":{"line":106,"column":1}},"43":{"start":{"line":105,"column":2},"end":{"line":105,"column":33}},"44":{"start":{"line":108,"column":12},"end":{"line":109,"column":11}},"45":{"start":{"line":109,"column":2},"end":{"line":120,"column":5}}},"fnMap":{"0":{"name":"(anonymous_2)","decl":{"start":{"line":6,"column":0},"end":{"line":6,"column":13}},"loc":{"start":{"line":6,"column":0},"end":{"line":49,"column":null}}},"1":{"name":"Item","decl":{"start":{"line":14,"column":2},"end":{"line":14,"column":14}},"loc":{"start":{"line":14,"column":39},"end":{"line":16,"column":3}}},"2":{"name":"(anonymous_4)","decl":{"start":{"line":26,"column":21},"end":{"line":26,"column":22}},"loc":{"start":{"line":26,"column":51},"end":{"line":48,"column":3}}},"3":{"name":"(anonymous_5)","decl":{"start":{"line":18,"column":2},"end":{"line":18,"column":13}},"loc":{"start":{"line":18,"column":2},"end":{"line":20,"column":3}}},"4":{"name":"(anonymous_6)","decl":{"start":{"line":22,"column":2},"end":{"line":22,"column":13}},"loc":{"start":{"line":22,"column":2},"end":{"line":24,"column":3}}},"5":{"name":"(anonymous_7)","decl":{"start":{"line":51,"column":17},"end":{"line":51,"column":18}},"loc":{"start":{"line":51,"column":29},"end":{"line":55,"column":1}}},"6":{"name":"(anonymous_8)","decl":{"start":{"line":57,"column":27},"end":{"line":57,"column":28}},"loc":{"start":{"line":57,"column":57},"end":{"line":98,"column":1}}},"7":{"name":"(anonymous_9)","decl":{"start":{"line":100,"column":14},"end":{"line":100,"column":15}},"loc":{"start":{"line":100,"column":46},"end":{"line":102,"column":1}}},"8":{"name":"(anonymous_10)","decl":{"start":{"line":104,"column":31},"end":{"line":104,"column":32}},"loc":{"start":{"line":104,"column":70},"end":{"line":106,"column":1}}},"9":{"name":"(anonymous_11)","decl":{"start":{"line":108,"column":12},"end":{"line":108,"column":13}},"loc":{"start":{"line":108,"column":24},"end":{"line":109,"column":11}}}},"branchMap":{"0":{"loc":{"start":{"line":14,"column":27},"end":{"line":14,"column":null}},"type":"if","locations":[{"start":{"line":14,"column":27},"end":{"line":14,"column":null}}]},"1":{"loc":{"start":{"line":27,"column":4},"end":{"line":29,"column":null}},"type":"if","locations":[{"start":{"line":27,"column":4},"end":{"line":29,"column":null}}]},"2":{"loc":{"start":{"line":31,"column":4},"end":{"line":33,"column":null}},"type":"if","locations":[{"start":{"line":31,"column":4},"end":{"line":33,"column":null}}]},"3":{"loc":{"start":{"line":35,"column":4},"end":{"line":37,"column":null}},"type":"if","locations":[{"start":{"line":35,"column":4},"end":{"line":37,"column":null}}]},"4":{"loc":{"start":{"line":39,"column":4},"end":{"line":41,"column":null}},"type":"if","locations":[{"start":{"line":39,"column":4},"end":{"line":41,"column":null}}]},"5":{"loc":{"start":{"line":43,"column":4},"end":{"line":45,"column":null}},"type":"if","locations":[{"start":{"line":43,"column":4},"end":{"line":45,"column":null}}]},"6":{"loc":{"start":{"line":63,"column":2},"end":{"line":95,"column":null}},"type":"if","locations":[{"start":{"line":63,"column":2},"end":{"line":95,"column":null}},{"start":{"line":74,"column":9},"end":{"line":95,"column":null}}]},"7":{"loc":{"start":{"line":63,"column":6},"end":{"line":63,"column":74}},"type":"binary-expr","locations":[{"start":{"line":63,"column":6},"end":{"line":63,"column":33}},{"start":{"line":63,"column":37},"end":{"line":63,"column":74}}]},"8":{"loc":{"start":{"line":74,"column":9},"end":{"line":95,"column":null}},"type":"if","locations":[{"start":{"line":74,"column":9},"end":{"line":95,"column":null}}]},"9":{"loc":{"start":{"line":75,"column":4},"end":{"line":94,"column":null}},"type":"if","locations":[{"start":{"line":75,"column":4},"end":{"line":94,"column":null}}]}},"s":{"0":4,"1":4,"2":4,"3":4,"4":26,"5":15,"6":15,"7":2,"8":13,"9":1,"10":12,"11":1,"12":11,"13":1,"14":10,"15":1,"16":9,"17":15,"18":4,"19":6,"20":4,"21":2,"22":4,"23":4,"24":4,"25":2,"26":2,"27":4,"28":27,"29":9,"30":9,"31":9,"32":7,"33":7,"34":7,"35":7,"36":2,"37":2,"38":1,"39":1,"40":4,"41":14,"42":4,"43":9,"44":4,"45":8},"f":{"0":4,"1":15,"2":15,"3":6,"4":2,"5":2,"6":9,"7":14,"8":9,"9":8},"b":{"0":[11],"1":[2],"2":[1],"3":[1],"4":[1],"5":[1],"6":[7,2],"7":[9,2],"8":[2],"9":[1]}}
,"C:\\_lomi\\_\\szamlazzhu-client\\src\\modules\\seller.ts": {"path":"C:\\_lomi\\_\\szamlazzhu-client\\src\\modules\\seller.ts","statementMap":{"0":{"start":{"line":1,"column":0},"end":{"line":1,"column":33}},"1":{"start":{"line":2,"column":0},"end":{"line":2,"column":38}},"2":{"start":{"line":3,"column":0},"end":{"line":3,"column":39}},"3":{"start":{"line":6,"column":0},"end":{"line":6,"column":13}},"4":{"start":{"line":11,"column":4},"end":{"line":11,"column":42}},"5":{"start":{"line":14,"column":2},"end":{"line":16,"column":null}},"6":{"start":{"line":15,"column":4},"end":{"line":15,"column":21}},"7":{"start":{"line":18,"column":2},"end":{"line":20,"column":null}},"8":{"start":{"line":19,"column":4},"end":{"line":19,"column":26}},"9":{"start":{"line":21,"column":0},"end":{"line":21,"column":null}},"10":{"start":{"line":6,"column":13},"end":{"line":6,"column":19}},"11":{"start":{"line":23,"column":17},"end":{"line":27,"column":1}},"12":{"start":{"line":24,"column":18},"end":{"line":24,"column":68}},"13":{"start":{"line":26,"column":2},"end":{"line":26,"column":43}},"14":{"start":{"line":29,"column":17},"end":{"line":39,"column":1}},"15":{"start":{"line":30,"column":2},"end":{"line":32,"column":null}},"16":{"start":{"line":31,"column":4},"end":{"line":31,"column":64}},"17":{"start":{"line":34,"column":2},"end":{"line":36,"column":null}},"18":{"start":{"line":35,"column":4},"end":{"line":35,"column":73}},"19":{"start":{"line":38,"column":2},"end":{"line":38,"column":17}},"20":{"start":{"line":41,"column":12},"end":{"line":42,"column":11}},"21":{"start":{"line":42,"column":2},"end":{"line":48,"column":5}}},"fnMap":{"0":{"name":"(anonymous_0)","decl":{"start":{"line":6,"column":0},"end":{"line":6,"column":13}},"loc":{"start":{"line":6,"column":0},"end":{"line":21,"column":null}}},"1":{"name":"Seller","decl":{"start":{"line":10,"column":2},"end":{"line":10,"column":14}},"loc":{"start":{"line":10,"column":29},"end":{"line":12,"column":3}}},"2":{"name":"(anonymous_2)","decl":{"start":{"line":14,"column":2},"end":{"line":14,"column":13}},"loc":{"start":{"line":14,"column":2},"end":{"line":16,"column":3}}},"3":{"name":"(anonymous_3)","decl":{"start":{"line":18,"column":2},"end":{"line":18,"column":13}},"loc":{"start":{"line":18,"column":2},"end":{"line":20,"column":3}}},"4":{"name":"(anonymous_4)","decl":{"start":{"line":23,"column":17},"end":{"line":23,"column":18}},"loc":{"start":{"line":23,"column":34},"end":{"line":27,"column":1}}},"5":{"name":"(anonymous_5)","decl":{"start":{"line":29,"column":17},"end":{"line":29,"column":18}},"loc":{"start":{"line":29,"column":34},"end":{"line":39,"column":1}}},"6":{"name":"(anonymous_6)","decl":{"start":{"line":41,"column":12},"end":{"line":41,"column":13}},"loc":{"start":{"line":41,"column":29},"end":{"line":42,"column":11}}}},"branchMap":{"0":{"loc":{"start":{"line":30,"column":2},"end":{"line":32,"column":null}},"type":"if","locations":[{"start":{"line":30,"column":2},"end":{"line":32,"column":null}}]},"1":{"loc":{"start":{"line":34,"column":2},"end":{"line":36,"column":null}},"type":"if","locations":[{"start":{"line":34,"column":2},"end":{"line":36,"column":null}}]}},"s":{"0":4,"1":4,"2":4,"3":4,"4":9,"5":4,"6":1,"7":4,"8":5,"9":4,"10":4,"11":4,"12":5,"13":5,"14":4,"15":9,"16":2,"17":7,"18":1,"19":6,"20":4,"21":6},"f":{"0":4,"1":9,"2":1,"3":5,"4":5,"5":9,"6":6},"b":{"0":[2],"1":[1]}}
}
