TN:
SF:src\client.ts
FN:9,(anonymous_16)
FN:14,SzamlazzAgentClient
FN:64,(anonymous_18)
FN:64,(anonymous_19)
FN:93,(anonymous_21)
FN:101,(anonymous_22)
FN:101,(anonymous_23)
FN:136,(anonymous_25)
FN:143,(anonymous_26)
FN:36,(anonymous_27)
FN:46,(anonymous_30)
FN:56,(anonymous_33)
FNF:12
FNH:12
FNDA:1,(anonymous_16)
FNDA:9,SzamlazzAgentClient
FNDA:5,(anonymous_18)
FNDA:5,(anonymous_19)
FNDA:5,(anonymous_21)
FNDA:5,(anonymous_22)
FNDA:5,(anonymous_23)
FNDA:5,(anonymous_25)
FNDA:5,(anonymous_26)
FNDA:4,(anonymous_27)
FNDA:1,(anonymous_30)
FNDA:5,(anonymous_33)
DA:1,1
DA:2,1
DA:4,1
DA:5,1
DA:6,1
DA:7,1
DA:9,1
DA:14,9
DA:15,9
DA:16,1
DA:19,8
DA:20,1
DA:23,7
DA:24,1
DA:27,6
DA:28,1
DA:31,5
DA:33,5
DA:36,1
DA:37,4
DA:39,4
DA:41,4
DA:43,3
DA:46,1
DA:47,1
DA:49,1
DA:50,1
DA:51,1
DA:53,1
DA:56,5
DA:57,5
DA:61,5
DA:64,9
DA:65,5
DA:66,5
DA:68,5
DA:73,5
DA:80,5
DA:82,5
DA:84,5
DA:86,1
DA:87,1
DA:89,0
DA:93,9
DA:94,5
DA:96,5
DA:97,5
DA:101,9
DA:102,5
DA:104,5
DA:105,0
DA:108,5
DA:109,5
DA:111,5
DA:112,1
DA:115,4
DA:121,7
DA:122,1
DA:123,1
DA:124,1
DA:125,0
DA:126,0
DA:127,0
DA:128,0
DA:129,0
DA:133,4
DA:136,9
DA:137,5
DA:138,5
DA:140,5
DA:143,9
DA:144,5
DA:153,1
LF:73
LH:66
BRDA:84,0,0,5
BRDA:70,1,0,5
BRDA:70,1,1,5
BRDA:70,2,0,0
BRDA:70,2,1,5
BRDA:70,3,0,5
BRDA:70,3,1,5
BRDA:86,4,0,1
BRDA:89,5,0,0
BRDA:89,5,1,0
BRDA:89,6,0,0
BRDA:89,6,1,0
BRDA:96,7,0,5
BRDA:97,8,0,0
BRDA:97,8,1,5
BRDA:97,9,0,5
BRDA:97,9,1,5
BRDA:133,10,0,4
BRDA:104,11,0,0
BRDA:111,12,0,1
BRDA:121,13,0,3
BRDA:121,14,0,0
BRDA:121,14,1,4
BRDA:121,15,0,4
BRDA:121,15,1,4
BRDA:122,16,0,0
BRDA:125,17,0,0
BRDA:148,18,0,0
BRDA:148,18,1,5
BRDA:148,19,0,5
BRDA:148,19,1,5
BRDA:149,20,0,1
BRDA:149,20,1,4
BRDA:149,21,0,5
BRDA:149,21,1,5
BRDA:15,22,0,1
BRDA:15,23,0,9
BRDA:15,23,1,9
BRDA:19,24,0,1
BRDA:19,25,0,8
BRDA:19,25,1,3
BRDA:19,25,2,2
BRDA:23,26,0,1
BRDA:23,27,0,7
BRDA:23,27,1,6
BRDA:27,28,0,1
BRDA:27,29,0,6
BRDA:27,29,1,6
BRDA:56,30,0,0
BRDA:56,31,0,0
BRF:50
BRH:37
end_of_record
TN:
SF:src\constants.ts
FNF:0
FNH:0
DA:6,5
DA:20,5
DA:28,5
DA:35,5
LF:4
LH:4
BRF:0
BRH:0
end_of_record
TN:
SF:src\helpers.ts
FN:1,(anonymous_0)
FN:2,(anonymous_1)
FNF:2
FNH:2
FNDA:35,(anonymous_0)
FNDA:417,(anonymous_1)
DA:1,5
DA:2,35
DA:3,417
DA:4,190
DA:7,417
LF:5
LH:5
BRDA:3,0,0,190
BRF:1
BRH:1
end_of_record
TN:
SF:src\enums\buyer.enum.ts
FN:1,(anonymous_0)
FNF:1
FNH:1
FNDA:5,(anonymous_0)
DA:1,5
DA:2,5
DA:3,5
DA:4,5
DA:5,5
DA:6,5
DA:7,5
DA:8,5
DA:9,5
DA:10,5
DA:11,5
DA:12,5
DA:13,5
DA:14,5
DA:15,5
LF:15
LH:15
BRDA:1,0,0,5
BRDA:1,0,1,5
BRF:2
BRH:2
end_of_record
TN:
SF:src\enums\header.enum.ts
FN:1,(anonymous_0)
FNF:1
FNH:1
FNDA:5,(anonymous_0)
DA:1,5
DA:2,5
DA:3,5
DA:4,5
DA:5,5
DA:6,5
DA:7,5
DA:8,5
DA:9,5
DA:10,5
DA:11,5
DA:12,5
DA:13,5
DA:14,5
DA:15,5
DA:16,5
DA:17,5
DA:18,5
DA:19,5
DA:20,5
DA:21,5
LF:21
LH:21
BRDA:1,0,0,5
BRDA:1,0,1,5
BRF:2
BRH:2
end_of_record
TN:
SF:src\enums\index.ts
FNF:0
FNH:0
DA:1,5
DA:3,5
DA:5,5
DA:7,5
DA:9,5
DA:11,5
DA:13,5
LF:7
LH:7
BRF:0
BRH:0
end_of_record
TN:
SF:src\enums\item.enum.ts
FN:1,(anonymous_0)
FNF:1
FNH:1
FNDA:5,(anonymous_0)
DA:1,5
DA:2,5
DA:3,5
DA:4,5
DA:5,5
DA:6,5
DA:7,5
DA:8,5
DA:9,5
DA:10,5
DA:11,5
LF:11
LH:11
BRDA:1,0,0,5
BRDA:1,0,1,5
BRF:2
BRH:2
end_of_record
TN:
SF:src\enums\seller.enum.ts
FN:1,(anonymous_0)
FNF:1
FNH:1
FNDA:5,(anonymous_0)
DA:1,5
DA:2,5
DA:3,5
DA:4,5
DA:5,5
DA:6,5
DA:7,5
LF:7
LH:7
BRDA:1,0,0,5
BRDA:1,0,1,5
BRF:2
BRH:2
end_of_record
TN:
SF:src\enums\settings.enum.ts
FN:1,(anonymous_0)
FNF:1
FNH:1
FNDA:5,(anonymous_0)
DA:1,5
DA:2,5
DA:3,5
DA:4,5
DA:5,5
DA:6,5
DA:7,5
DA:8,5
DA:9,5
DA:10,5
LF:10
LH:10
BRDA:1,0,0,5
BRDA:1,0,1,5
BRF:2
BRH:2
end_of_record
TN:
SF:src\enums\vat.enum.ts
FN:1,(anonymous_0)
FNF:1
FNH:1
FNDA:5,(anonymous_0)
DA:1,5
DA:2,5
DA:3,5
DA:4,5
DA:5,5
DA:6,5
DA:7,5
DA:8,5
DA:9,5
DA:10,5
DA:11,5
DA:12,5
DA:13,5
DA:14,5
DA:15,5
DA:16,5
DA:17,5
DA:18,5
DA:19,5
DA:20,5
LF:20
LH:20
BRDA:1,0,0,5
BRDA:1,0,1,5
BRF:2
BRH:2
end_of_record
TN:
SF:src\enums\xml-roots.enum.ts
FN:1,(anonymous_0)
FNF:1
FNH:1
FNDA:5,(anonymous_0)
DA:1,5
DA:2,5
DA:3,5
DA:4,5
DA:5,5
DA:6,5
DA:7,5
LF:7
LH:7
BRDA:1,0,0,5
BRDA:1,0,1,5
BRF:2
BRH:2
end_of_record
TN:
SF:src\modules\buyer.ts
FN:6,(anonymous_0)
FN:12,Buyer
FN:16,(anonymous_2)
FN:20,(anonymous_3)
FN:25,(anonymous_4)
FN:49,(anonymous_5)
FN:55,(anonymous_6)
FNF:7
FNH:7
FNDA:4,(anonymous_0)
FNDA:15,Buyer
FNDA:1,(anonymous_2)
FNDA:7,(anonymous_3)
FNDA:15,(anonymous_4)
FNDA:7,(anonymous_5)
FNDA:8,(anonymous_6)
DA:1,4
DA:3,4
DA:4,4
DA:6,4
DA:13,15
DA:16,4
DA:17,1
DA:20,4
DA:21,7
DA:23,4
DA:25,4
DA:26,15
DA:27,2
DA:30,13
DA:31,1
DA:34,12
DA:35,1
DA:38,11
DA:39,1
DA:42,10
DA:43,1
DA:46,9
DA:49,4
DA:50,7
DA:52,7
DA:55,4
DA:56,8
LF:27
LH:27
BRDA:26,0,0,2
BRDA:30,1,0,1
BRDA:34,2,0,1
BRDA:38,3,0,1
BRDA:42,4,0,1
BRDA:42,5,0,10
BRDA:42,5,1,2
BRF:7
BRH:7
end_of_record
TN:
SF:src\modules\header.ts
FN:7,(anonymous_0)
FN:14,Header
FN:18,(anonymous_2)
FN:22,(anonymous_3)
FN:27,(anonymous_4)
FN:44,(anonymous_5)
FN:47,(anonymous_6)
FN:56,(anonymous_7)
FN:58,(anonymous_8)
FN:68,(anonymous_9)
FN:70,(anonymous_10)
FN:85,(anonymous_11)
FN:103,(anonymous_12)
FN:109,(anonymous_13)
FNF:14
FNH:14
FNDA:5,(anonymous_0)
FNDA:20,Header
FNDA:2,(anonymous_2)
FNDA:6,(anonymous_3)
FNDA:20,(anonymous_4)
FNDA:40,(anonymous_5)
FNDA:4,(anonymous_6)
FNDA:53,(anonymous_7)
FNDA:29,(anonymous_8)
FNDA:37,(anonymous_9)
FNDA:11,(anonymous_10)
FNDA:19,(anonymous_11)
FNDA:6,(anonymous_12)
FNDA:8,(anonymous_13)
DA:1,5
DA:3,5
DA:4,5
DA:5,5
DA:7,5
DA:15,20
DA:18,5
DA:19,2
DA:22,5
DA:23,6
DA:25,5
DA:27,5
DA:28,20
DA:29,2
DA:32,18
DA:33,1
DA:36,17
DA:37,1
DA:40,16
DA:41,1
DA:44,40
DA:45,1
DA:47,4
DA:52,14
DA:53,1
DA:56,53
DA:57,1
DA:58,29
DA:64,12
DA:65,1
DA:68,37
DA:69,1
DA:70,11
DA:76,10
DA:77,9
DA:79,7
DA:80,7
DA:82,7
DA:85,5
DA:86,19
DA:87,16
DA:90,3
DA:92,3
DA:93,3
DA:96,0
DA:97,0
DA:98,0
DA:100,0
DA:103,5
DA:104,6
DA:106,6
DA:109,5
DA:110,8
LF:53
LH:49
BRDA:28,0,0,2
BRDA:32,1,0,1
BRDA:36,2,0,1
BRDA:40,3,0,1
BRDA:44,4,0,1
BRDA:52,5,0,1
BRDA:56,6,0,1
BRDA:64,7,0,1
BRDA:68,8,0,1
BRDA:79,9,0,0
BRDA:79,9,1,7
BRDA:79,10,0,7
BRDA:79,10,1,7
BRDA:80,11,0,0
BRDA:80,11,1,7
BRDA:80,12,0,7
BRDA:80,12,1,7
BRDA:86,13,0,16
BRDA:92,14,0,3
BRF:19
BRH:17
end_of_record
TN:
SF:src\modules\index.ts
FNF:0
FNH:0
DA:1,4
DA:3,4
DA:5,4
DA:7,4
DA:9,4
LF:5
LH:5
BRF:0
BRH:0
end_of_record
TN:
SF:src\modules\invoice.ts
FN:9,(anonymous_0)
FN:10,(anonymous_2)
FN:13,(anonymous_3)
FN:17,(anonymous_4)
FN:29,(anonymous_5)
FN:38,(anonymous_6)
FN:41,(anonymous_7)
FNF:7
FNH:7
FNDA:4,(anonymous_0)
FNDA:4,(anonymous_2)
FNDA:8,(anonymous_3)
FNDA:4,(anonymous_4)
FNDA:1,(anonymous_5)
FNDA:4,(anonymous_6)
FNDA:4,(anonymous_7)
DA:1,4
DA:2,4
DA:4,4
DA:5,4
DA:6,4
DA:7,4
DA:9,4
DA:10,4
DA:11,8
DA:13,4
DA:14,8
DA:17,4
DA:18,4
DA:20,4
DA:26,4
DA:29,4
DA:30,2
DA:31,1
DA:35,1
DA:38,4
DA:39,4
DA:40,4
DA:41,4
DA:46,4
DA:48,4
LF:25
LH:25
BRDA:13,0,0,4
BRDA:13,0,1,0
BRDA:13,1,0,4
BRDA:13,1,1,4
BRDA:13,2,0,0
BRDA:13,2,1,4
BRDA:13,3,0,4
BRDA:13,3,1,4
BRDA:21,4,0,0
BRDA:21,4,1,4
BRDA:21,5,0,4
BRDA:21,5,1,4
BRDA:22,6,0,0
BRDA:22,6,1,4
BRDA:22,7,0,4
BRDA:22,7,1,4
BRDA:23,8,0,0
BRDA:23,8,1,4
BRDA:23,9,0,4
BRDA:23,9,1,4
BRDA:33,10,0,0
BRDA:33,10,1,1
BRF:22
BRH:16
end_of_record
TN:
SF:src\modules\item.ts
FN:6,(anonymous_2)
FN:14,Item
FN:26,(anonymous_4)
FN:18,(anonymous_5)
FN:22,(anonymous_6)
FN:51,(anonymous_7)
FN:57,(anonymous_8)
FN:100,(anonymous_9)
FN:104,(anonymous_10)
FN:108,(anonymous_11)
FNF:10
FNH:10
FNDA:4,(anonymous_2)
FNDA:15,Item
FNDA:15,(anonymous_4)
FNDA:6,(anonymous_5)
FNDA:2,(anonymous_6)
FNDA:2,(anonymous_7)
FNDA:9,(anonymous_8)
FNDA:14,(anonymous_9)
FNDA:9,(anonymous_10)
FNDA:8,(anonymous_11)
DA:1,4
DA:2,4
DA:3,4
DA:6,4
DA:14,26
DA:15,15
DA:18,4
DA:19,6
DA:22,4
DA:23,2
DA:26,15
DA:27,15
DA:28,2
DA:31,13
DA:32,1
DA:35,12
DA:36,1
DA:39,11
DA:40,1
DA:43,10
DA:44,1
DA:47,9
DA:49,4
DA:51,4
DA:52,2
DA:54,2
DA:57,4
DA:58,27
DA:59,9
DA:61,9
DA:63,9
DA:64,7
DA:65,7
DA:66,7
DA:68,7
DA:74,2
DA:75,2
DA:88,1
DA:97,1
DA:100,4
DA:101,14
DA:104,4
DA:105,9
DA:108,4
DA:109,8
LF:45
LH:45
BRDA:14,0,0,11
BRDA:27,1,0,2
BRDA:31,2,0,1
BRDA:35,3,0,1
BRDA:39,4,0,1
BRDA:43,5,0,1
BRDA:63,6,0,7
BRDA:63,6,1,2
BRDA:63,7,0,9
BRDA:63,7,1,2
BRDA:74,8,0,2
BRDA:75,9,0,1
BRF:12
BRH:12
end_of_record
TN:
SF:src\modules\seller.ts
FN:6,(anonymous_0)
FN:10,Seller
FN:14,(anonymous_2)
FN:18,(anonymous_3)
FN:23,(anonymous_4)
FN:29,(anonymous_5)
FN:41,(anonymous_6)
FNF:7
FNH:7
FNDA:4,(anonymous_0)
FNDA:9,Seller
FNDA:1,(anonymous_2)
FNDA:5,(anonymous_3)
FNDA:5,(anonymous_4)
FNDA:9,(anonymous_5)
FNDA:6,(anonymous_6)
DA:1,4
DA:2,4
DA:3,4
DA:6,4
DA:11,9
DA:14,4
DA:15,1
DA:18,4
DA:19,5
DA:21,4
DA:23,4
DA:24,5
DA:26,5
DA:29,4
DA:30,9
DA:31,2
DA:34,7
DA:35,1
DA:38,6
DA:41,4
DA:42,6
LF:21
LH:21
BRDA:30,0,0,2
BRDA:34,1,0,1
BRF:2
BRH:2
end_of_record
